<?xml version="1.0" encoding="UTF-8"?>
<testng-results ignored="0" total="1" passed="1" failed="0" skipped="0">
  <reporter-output>
    <line>
      <![CDATA[Click to see Screenshot]]>
    </line>
    <line>
      <![CDATA[<a target="_blank" href=Fri_Mar_31_17_28_15_IST_2023.png>Screenshot</a>]]>
    </line>
    <line>
      <![CDATA[<br>]]>
    </line>
    <line>
      <![CDATA[<br>]]>
    </line>
    <line>
      <![CDATA[<a target="_blank" href=Fri_Mar_31_17_28_15_IST_2023.png><img src=Fri_Mar_31_17_28_15_IST_2023.png height=200 width=200></img></a>]]>
    </line>
  </reporter-output>
  <suite started-at="2023-03-31T17:27:08 IST" name="Suite" finished-at="2023-03-31T17:28:16 IST" duration-ms="67838">
    <groups>
    </groups>
    <test started-at="2023-03-31T17:27:08 IST" name="Test" finished-at="2023-03-31T17:28:16 IST" duration-ms="67838">
      <class name="com.TestCases.Homepage_TC">
        <test-method is-config="true" signature="getDriver()[pri:0, instance:com.TestCases.Homepage_TC@16c069df]" started-at="2023-03-31T17:27:08 IST" name="getDriver" finished-at="2023-03-31T17:27:35 IST" duration-ms="26693" status="PASS">
          <reporter-output>
          </reporter-output>
        </test-method> <!-- getDriver -->
        <test-method signature="homepage()[pri:1, instance:com.TestCases.Homepage_TC@16c069df]" started-at="2023-03-31T17:27:35 IST" name="homepage" finished-at="2023-03-31T17:28:06 IST" duration-ms="30970" status="PASS">
          <reporter-output>
            <line>
              <![CDATA[Click to see Screenshot]]>
            </line>
            <line>
              <![CDATA[<a target="_blank" href=Fri_Mar_31_17_28_15_IST_2023.png>Screenshot</a>]]>
            </line>
            <line>
              <![CDATA[<br>]]>
            </line>
            <line>
              <![CDATA[<br>]]>
            </line>
            <line>
              <![CDATA[<a target="_blank" href=Fri_Mar_31_17_28_15_IST_2023.png><img src=Fri_Mar_31_17_28_15_IST_2023.png height=200 width=200></img></a>]]>
            </line>
          </reporter-output>
        </test-method> <!-- homepage -->
      </class> <!-- com.TestCases.Homepage_TC -->
    </test> <!-- Test -->
  </suite> <!-- Suite -->
</testng-results>
